<?xml version="1.0" encoding="UTF-8"?>
<!-- Generated by org.testng.reporters.JUnitReportReporter -->
<testsuite hostname="me-thinkpad-e495" failures="0" tests="2" name="tests.LoginTest" time="15.295" errors="0" timestamp="2022-07-18T10:29:31 IST" skipped="0">
  <testcase classname="tests.LoginTest" name="login" time="2.558"/>
  <system-out/>
  <testcase classname="tests.LoginTest" name="login" time="12.737"/>
  <system-out/>
</testsuite> <!-- tests.LoginTest -->
