<?xml version="1.0" encoding="UTF-8"?>
<!-- Generated by org.testng.reporters.JUnitReportReporter -->
<testsuite hostname="me-thinkpad-e495" failures="0" tests="1" name="runner.Runner" time="9.049" errors="0" timestamp="2022-07-18T01:23:13 IST" skipped="0">
  <testcase classname="runner.Runner" name="runScenario" time="9.049"/>
  <system-out/>
</testsuite> <!-- runner.Runner -->
